<?xml version="1.0" encoding="UTF-8"?>
<!-- Generated by org.testng.reporters.JUnitReportReporter -->
<testsuite hostname="DESKTOP-6E2LR27" failures="0" tests="1" name="facgenieapp.LoginLogoutApp" time="0.000" errors="0" timestamp="2023-09-13T11:31:27 IST" skipped="1">
  <testcase classname="facgenieapp.LoginLogoutApp" name="login" time="0.000">
    <skipped/>
  </testcase> <!-- login -->
  <system-out/>
</testsuite> <!-- facgenieapp.LoginLogoutApp -->
